<?xml version="1.0" encoding="UTF-8"?>
<!-- Generated by org.testng.reporters.JUnitXMLReporter -->
<testsuite ignored="6" hostname="DESKTOP-I5U5259" failures="0" tests="3" name="Validate_Login" time="29.808" errors="0" timestamp="2024-04-16T15:36:59 SAST">
  <testcase classname="administration.Company_Module_UI" name="Validate_Login" time="14.298"/>
  <testcase classname="administration.Company_Module_UI" name="Admin_Nav_to_comp" time="8.46"/>
  <testcase classname="administration.Company_Module_UI" name="ListCompany_UI" time="0.329"/>
  <testcase classname="administration.Company_Module_UI" name="AddCompany_All" time="0.0">
    <ignored/>
  </testcase> <!-- AddCompany_All -->
  <testcase classname="administration.Company_Module_UI" name="Archive" time="0.0">
    <ignored/>
  </testcase> <!-- Archive -->
  <testcase classname="administration.Company_Module_UI" name="search" time="0.0">
    <ignored/>
  </testcase> <!-- search -->
  <testcase classname="administration.Company_Module_UI" name="Edit_Company" time="0.0">
    <ignored/>
  </testcase> <!-- Edit_Company -->
  <testcase classname="administration.Company_Module_UI" name="AddCompany_SelectCompanies" time="0.0">
    <ignored/>
  </testcase> <!-- AddCompany_SelectCompanies -->
  <testcase classname="administration.Company_Module_UI" name="AddCompany_ServiceProviderNo" time="0.0">
    <ignored/>
  </testcase> <!-- AddCompany_ServiceProviderNo -->
</testsuite> <!-- Validate_Login -->
