<?xml version="1.0" encoding="UTF-8"?>
<testng-results ignored="6" total="9" passed="3" failed="0" skipped="0">
  <reporter-output>
  </reporter-output>
  <suite started-at="2024-04-16T15:36:29 SAST" name="Login_details" finished-at="2024-04-16T15:36:58 SAST" duration-ms="29808">
    <groups>
    </groups>
    <test started-at="2024-04-16T15:36:29 SAST" name="Validate_Login" finished-at="2024-04-16T15:36:58 SAST" duration-ms="29808">
      <class name="administration.Company_Module_UI">
        <test-method is-config="true" signature="Setup()[pri:0, instance:administration.Company_Module_UI@31304f14]" started-at="2024-04-16T15:36:29 SAST" name="Setup" finished-at="2024-04-16T15:36:35 SAST" duration-ms="6606" status="PASS">
          <reporter-output>
          </reporter-output>
        </test-method> <!-- Setup -->
        <test-method signature="Validate_Login(java.lang.String,java.lang.String)[pri:0, instance:administration.Company_Module_UI@31304f14]" started-at="2024-04-16T15:36:35 SAST" name="Validate_Login" finished-at="2024-04-16T15:36:50 SAST" duration-ms="14298" status="PASS">
          <params>
            <param index="0">
              <value>
                <![CDATA[salmina@icollective.agency]]>
              </value>
            </param>
            <param index="1">
              <value>
                <![CDATA[SALMINA@testing20]]>
              </value>
            </param>
          </params>
          <reporter-output>
          </reporter-output>
        </test-method> <!-- Validate_Login -->
        <test-method signature="Admin_Nav_to_comp()[pri:0, instance:administration.Company_Module_UI@31304f14]" started-at="2024-04-16T15:36:50 SAST" name="Admin_Nav_to_comp" finished-at="2024-04-16T15:36:58 SAST" duration-ms="8460" status="PASS">
          <reporter-output>
          </reporter-output>
        </test-method> <!-- Admin_Nav_to_comp -->
        <test-method signature="ListCompany_UI()[pri:0, instance:administration.Company_Module_UI@31304f14]" started-at="2024-04-16T15:36:58 SAST" name="ListCompany_UI" finished-at="2024-04-16T15:36:58 SAST" duration-ms="329" status="PASS">
          <reporter-output>
          </reporter-output>
        </test-method> <!-- ListCompany_UI -->
      </class> <!-- administration.Company_Module_UI -->
    </test> <!-- Validate_Login -->
  </suite> <!-- Login_details -->
</testng-results>
